[debug] [2022-02-12T07:34:59.654Z] ----------------------------------------------------------------------
[debug] [2022-02-12T07:34:59.655Z] Command:       C:\Program Files\nodejs\node.exe C:\Users\v-kumarvina\AppData\Roaming\npm\node_modules\firebase-tools\lib\bin\firebase.js init
[debug] [2022-02-12T07:34:59.656Z] CLI Version:   10.1.4
[debug] [2022-02-12T07:34:59.656Z] Platform:      win32
[debug] [2022-02-12T07:34:59.656Z] Node Version:  v14.17.6
[debug] [2022-02-12T07:34:59.657Z] Time:          Sat Feb 12 2022 13:04:59 GMT+0530 (India Standard Time)
[debug] [2022-02-12T07:34:59.657Z] ----------------------------------------------------------------------
[debug] 
[debug] [2022-02-12T07:34:59.665Z] > command requires scopes: ["email","openid","https://www.googleapis.com/auth/cloudplatformprojects.readonly","https://www.googleapis.com/auth/firebase","https://www.googleapis.com/auth/cloud-platform"]
[debug] [2022-02-12T07:34:59.665Z] > authorizing via signed-in user (vinay.mcscet68@gmail.com)
[info] 
     ######## #### ########  ######## ########     ###     ######  ########
     ##        ##  ##     ## ##       ##     ##  ##   ##  ##       ##
     ######    ##  ########  ######   ########  #########  ######  ######
     ##        ##  ##    ##  ##       ##     ## ##     ##       ## ##
     ##       #### ##     ## ######## ########  ##     ##  ######  ########

You're about to initialize a Firebase project in this directory:

  C:\Users\v-kumarvina\OneDrive - Microsoft\Desktop\React Tutorial\Authentication

[info] 
=== Project Setup
[info] 
[info] First, let's associate this project directory with a Firebase project.
[info] You can create multiple project aliases by running firebase use --add, 
[info] but for now we'll just set up a default project.
[info] 
[debug] [2022-02-12T07:35:16.286Z] > refreshing access token with scopes: []
[debug] [2022-02-12T07:35:16.286Z] >>> HTTP REQUEST POST https://www.googleapis.com/oauth2/v3/token  
 <request body omitted>
[debug] [2022-02-12T07:35:16.768Z] <<< HTTP RESPONSE 200 {"cache-control":"no-cache, no-store, max-age=0, must-revalidate","date":"Sat, 12 Feb 2022 07:35:16 GMT","expires":"Mon, 01 Jan 1990 00:00:00 GMT","pragma":"no-cache","content-type":"application/json; charset=utf-8","vary":"X-Origin, Referer, Origin,Accept-Encoding","server":"scaffolding on HTTPServer2","x-xss-protection":"0","x-frame-options":"SAMEORIGIN","x-content-type-options":"nosniff","alt-svc":"h3=\":443\"; ma=2592000,h3-29=\":443\"; ma=2592000,h3-Q050=\":443\"; ma=2592000,h3-Q046=\":443\"; ma=2592000,h3-Q043=\":443\"; ma=2592000,quic=\":443\"; ma=2592000; v=\"46,43\"","accept-ranges":"none","transfer-encoding":"chunked"}
[debug] [2022-02-12T07:35:16.789Z] >>> [apiv2][query] GET https://firebase.googleapis.com/v1beta1/projects pageSize=100
[debug] [2022-02-12T07:35:17.745Z] <<< [apiv2][status] GET https://firebase.googleapis.com/v1beta1/projects 200
[debug] [2022-02-12T07:35:17.745Z] <<< [apiv2][body] GET https://firebase.googleapis.com/v1beta1/projects [omitted]
